<?xml version="1.0" encoding="UTF-8"?>
<!-- Generated by org.testng.reporters.JUnitXMLReporter -->
<testsuite ignored="3" hostname="laptop" failures="0" tests="1" name="Default test" time="0.058" errors="0" timestamp="2023-11-13T12:48:25 IST">
  <testcase classname="Testscripts.JavaPr" name="list" time="0.011"/>
  <testcase classname="Testscripts.JavaPr" name="countDupChar" time="0.0">
    <ignored/>
  </testcase> <!-- countDupChar -->
  <testcase classname="Testscripts.JavaPr" name="reverseArray" time="0.0">
    <ignored/>
  </testcase> <!-- reverseArray -->
  <testcase classname="Testscripts.JavaPr" name="productArray" time="0.0">
    <ignored/>
  </testcase> <!-- productArray -->
</testsuite> <!-- Default test -->
